Using pre-set license
Built from '2020.3/staging' branch; Version is '2020.3.17f1 (a4537701e4ab) revision 10769271'; Using compiler version '192528614'; Build Type 'Release'
OS: 'Windows 10 Pro; OS build 19043.1165; Version 2009; 64bit' Language: 'pt' Physical Memory: 8164 MB
BatchMode: 1, IsHumanControllingUs: 0, StartBugReporterOnCrash: 0, Is64bit: 1, IsPro: 0

COMMAND LINE ARGUMENTS:
D:\Program Files (x86)\engineUnity\2020.3.17f1\Editor\Unity.exe
-adb2
-batchMode
-noUpm
-name
AssetImportWorker1
-projectPath
D:/Repositorios/ProjetoKsi/Ksi
-logFile
Logs/AssetImportWorker1.log
-srvPort
61450
Successfully changed project path to: D:/Repositorios/ProjetoKsi/Ksi
D:/Repositorios/ProjetoKsi/Ksi
Using Asset Import Pipeline V2.
